<?xml version="1.0" encoding="UTF-8"?>
<testng-results ignored="0" total="1" passed="1" failed="0" skipped="0">
  <reporter-output>
  </reporter-output>
  <suite started-at="2022-11-03T23:18:20 IST" name="Default suite" finished-at="2022-11-03T23:18:32 IST" duration-ms="11906">
    <groups>
    </groups>
    <test started-at="2022-11-03T23:18:20 IST" name="Default test" finished-at="2022-11-03T23:18:32 IST" duration-ms="11906">
      <class name="TestCases.verifySignup">
        <test-method signature="signup()[pri:0, instance:TestCases.verifySignup@2145b572]" started-at="2022-11-03T23:18:20 IST" name="signup" finished-at="2022-11-03T23:18:32 IST" duration-ms="11861" status="PASS">
          <reporter-output>
          </reporter-output>
        </test-method> <!-- signup -->
      </class> <!-- TestCases.verifySignup -->
    </test> <!-- Default test -->
  </suite> <!-- Default suite -->
</testng-results>
